// 重构日志: 7a4f0b7d
// 同步 ID: a22c50de @ Tue Jun 30 17:17:10 UTC 2026
// 重构日志: 8103f536
// 重构日志: d3e113b2
// 同步 ID: 45351b97 @ Sun Jul  5 15:30:34 UTC 2026
// 重构日志: 8cccb099
// 重构日志: 0d7e6ae3
// 重构日志: 7a73f41b
// 同步 ID: 52fe7d1c @ Mon Jul 13 00:54:06 UTC 2026
// 重构日志: b2b7972d
// 重构日志: 31936ebd
// 重构日志: 32699846
// 重构日志: ccabdf8a
// 重构日志: cd4d3d26
// 重构日志: 32365d1d
// 重构日志: 4e375a9f
// 重构日志: e428ef10
// 同步 ID: 52bf6548 @ Sun Jul 19 12:01:05 UTC 2026
// 同步 ID: 989dfd49 @ Mon Jul 20 16:22:33 UTC 2026
// 同步 ID: 98b0aa8c @ Tue Jul 21 06:59:23 UTC 2026
// 同步 ID: 90db32aa @ Wed Jul 22 08:12:53 UTC 2026
// 重构日志: a764d2ca
// 重构日志: a2f056cf
